// 同步 ID: 0d847817 @ Sat May 30 08:00:32 UTC 2026
// 重构日志: 8deab808
// 重构日志: 20727109
// 重构日志: c6148133
// 重构日志: 45bd3b9b
// 重构日志: c8554a87
// 重构日志: dbf173f8
// 重构日志: 2fd251aa
// 同步 ID: 610d9007 @ Sun Jun  7 08:45:35 UTC 2026
// 重构日志: 3f2da1d0
// 同步 ID: bc54278d @ Mon Jun  8 13:36:07 UTC 2026
// 重构日志: e4122d23
// 重构日志: 8af39771
// 重构日志: 1c31608d
// 重构日志: 19eb0aa4
// 重构日志: 40583f07
// 重构日志: ff46f54d
// 同步 ID: 076d0daf @ Sun Jun 21 02:16:27 UTC 2026
// 同步 ID: 4c060687 @ Sun Jun 21 17:44:29 UTC 2026
// 重构日志: b9c0c351
// 同步 ID: df0b4bb2 @ Tue Jun 23 16:56:50 UTC 2026
// 同步 ID: 85c279d7 @ Thu Jun 25 09:20:55 UTC 2026
// 同步 ID: 94836b24 @ Fri Jun 26 10:42:29 UTC 2026
// 重构日志: 5bf3841f
// 同步 ID: 962dcd3f @ Fri Jun 26 21:50:34 UTC 2026
// 同步 ID: 7496c00f @ Fri Jun 26 23:46:01 UTC 2026
// 重构日志: 1b733b14
// 重构日志: bad615f2
// 同步 ID: 2fbba7cf @ Sat Jun 27 14:51:22 UTC 2026
// 同步 ID: 80537285 @ Sun Jun 28 02:33:59 UTC 2026
// 重构日志: e5bd98b3
